<?xml version="1.0" encoding="UTF-8"?>
<testsuite name="jobshop.encodings.EncodingTests" tests="4" skipped="0" failures="0" errors="0" timestamp="2020-04-20T09:01:31" hostname="DESKTOP-RO0QUU2" time="0.035">
  <properties/>
  <testcase name="testBasicSolver" classname="jobshop.encodings.EncodingTests" time="0.015"/>
  <testcase name="testToSchedule" classname="jobshop.encodings.EncodingTests" time="0.011"/>
  <testcase name="testJobNumbers" classname="jobshop.encodings.EncodingTests" time="0.002"/>
  <testcase name="testGreedySolverft06SPT" classname="jobshop.encodings.EncodingTests" time="0.006"/>
  <system-out><![CDATA[Schedule de TestToSchedule :  
  job numéro 1  tache n° 1 : 0  tache n° 2 : 3  tache n° 3 : 6  
  job numéro 2  tache n° 1 : 0  tache n° 2 : 3  tache n° 3 : 8  fin 
 
  job numéro 1  tache n° 1 : 0  tache n° 2 : 3  tache n° 3 : 6  
  job numéro 2  tache n° 1 : 0  tache n° 2 : 3  tache n° 3 : 8 
SolverSPT created
debut solve
SolverSPT.solve terminated
]]></system-out>
  <system-err><![CDATA[]]></system-err>
</testsuite>
